C:\USERS\JACK BULL\DOCUMENTS\VISUAL STUDIO 2012\PROJECTS\PA6\PA6\DEBUG\MAIN.OBJ
C:\USERS\JACK BULL\DOCUMENTS\VISUAL STUDIO 2012\PROJECTS\PA6\PA6\DEBUG\PA6.OBJ
C:\USERS\JACK BULL\DOCUMENTS\VISUAL STUDIO 2012\PROJECTS\PA6\PA6\DEBUG\VC110.PDB
C:\USERS\JACK BULL\DOCUMENTS\VISUAL STUDIO 2012\PROJECTS\PA6\DEBUG\PA6.ILK
C:\USERS\JACK BULL\DOCUMENTS\VISUAL STUDIO 2012\PROJECTS\PA6\DEBUG\PA6.EXE
C:\USERS\JACK BULL\DOCUMENTS\VISUAL STUDIO 2012\PROJECTS\PA6\DEBUG\PA6.PDB
C:\Users\Jack Bull\Documents\Visual Studio 2012\Projects\PA6\PA6\Debug\main.obj
C:\Users\Jack Bull\Documents\Visual Studio 2012\Projects\PA6\PA6\Debug\PA6.obj
C:\Users\Jack Bull\Documents\Visual Studio 2012\Projects\PA6\PA6\Debug\cl.command.1.tlog
C:\Users\Jack Bull\Documents\Visual Studio 2012\Projects\PA6\PA6\Debug\CL.read.1.tlog
C:\Users\Jack Bull\Documents\Visual Studio 2012\Projects\PA6\PA6\Debug\CL.write.1.tlog
C:\Users\Jack Bull\Documents\Visual Studio 2012\Projects\PA6\PA6\Debug\link-cvtres.read.1.tlog
C:\Users\Jack Bull\Documents\Visual Studio 2012\Projects\PA6\PA6\Debug\link-cvtres.write.1.tlog
C:\Users\Jack Bull\Documents\Visual Studio 2012\Projects\PA6\PA6\Debug\link-rc.read.1.tlog
C:\Users\Jack Bull\Documents\Visual Studio 2012\Projects\PA6\PA6\Debug\link-rc.write.1.tlog
C:\Users\Jack Bull\Documents\Visual Studio 2012\Projects\PA6\PA6\Debug\link.command.1.tlog
C:\Users\Jack Bull\Documents\Visual Studio 2012\Projects\PA6\PA6\Debug\link.read.1.tlog
C:\Users\Jack Bull\Documents\Visual Studio 2012\Projects\PA6\PA6\Debug\link.write.1.tlog
C:\Users\Jack Bull\Documents\Visual Studio 2012\Projects\PA6\PA6\Debug\vc110.idb
C:\Users\Jack Bull\Documents\Visual Studio 2012\Projects\PA6\PA6\Debug\vc110.pdb
C:\Users\Jack Bull\Documents\Visual Studio 2012\Projects\PA6\Debug\PA6.pdb
C:\Users\Jack Bull\Documents\Visual Studio 2012\Projects\PA6\Debug\PA6.exe
C:\Users\Jack Bull\Documents\Visual Studio 2012\Projects\PA6\Debug\PA6.ilk
